<?xml version="1.0" encoding="UTF-8"?>
<testsuite xmlns:xsi="http://www.w3.org/2001/XMLSchema-instance" xsi:noNamespaceSchemaLocation="https://maven.apache.org/surefire/maven-surefire-plugin/xsd/surefire-test-report-3.0.xsd" version="3.0" name="com.example.bathymetricapi.BathymetricApiApplicationTests" time="5.669" tests="1" errors="0" skipped="0" failures="0">
  <properties>
[...]
</properties>
  <testcase name="contextLoads" classname="com.example.bathymetricapi.BathymetricApiApplicationTests" time="0.957">
    <system-out><![CDATA[2025-01-19 22:18:09 [main] INFO  org.springframework.test.context.support.AnnotationConfigContextLoaderUtils - Could not detect default configuration classes for test class [com.example.bathymetricapi.BathymetricApiApplicationTests]: BathymetricApiApplicationTests does not declare any static, non-private, non-final, nested classes annotated with @Configuration.
2025-01-19 22:18:10 [main] INFO  org.springframework.boot.test.context.SpringBootTestContextBootstrapper - Found @SpringBootConfiguration com.example.bathymetricapi.BathymetricApiApplication for test class com.example.bathymetricapi.BathymetricApiApplicationTests

  .   ____          _            __ _ _
 /\\ / ___'_ __ _ _(_)_ __  __ _ \ \ \ \
( ( )\___ | '_ | '_| | '_ \/ _` | \ \ \ \
 \\/  ___)| |_)| | | | | || (_| |  ) ) ) )
  '  |____| .__|_| |_|_| |_\__, | / / / /
 =========|_|==============|___/=/_/_/_/
 :: Spring Boot ::                (v3.1.4)

2025-01-19 22:18:10 [background-preinit] INFO  org.hibernate.validator.internal.util.Version - HV000001: Hibernate Validator 8.0.1.Final
2025-01-19 22:18:10 [main] INFO  com.example.bathymetricapi.BathymetricApiApplicationTests - Starting BathymetricApiApplicationTests using Java 21.0.5 with PID 54338 (started by user in /Users/user/SCOUTVISION/iDATAi/Backend-api)
2025-01-19 22:18:10 [main] INFO  com.example.bathymetricapi.BathymetricApiApplicationTests - No active profile set, falling back to 1 default profile: "default"
2025-01-19 22:18:11 [main] INFO  org.springframework.data.repository.config.RepositoryConfigurationDelegate - Bootstrapping Spring Data JPA repositories in DEFAULT mode.
2025-01-19 22:18:11 [main] INFO  org.springframework.data.repository.config.RepositoryConfigurationDelegate - Finished Spring Data repository scanning in 3 ms. Found 0 JPA repository interfaces.
2025-01-19 22:18:12 [main] INFO  org.hibernate.jpa.internal.util.LogHelper - HHH000204: Processing PersistenceUnitInfo [name: default]
2025-01-19 22:18:12 [main] INFO  org.hibernate.Version - HHH000412: Hibernate ORM core version 6.2.9.Final
2025-01-19 22:18:12 [main] INFO  org.hibernate.cfg.Environment - HHH000406: Using bytecode reflection optimizer
2025-01-19 22:18:12 [main] INFO  org.hibernate.bytecode.internal.BytecodeProviderInitiator - HHH000021: Bytecode provider name : bytebuddy
2025-01-19 22:18:12 [main] INFO  org.springframework.orm.jpa.persistenceunit.SpringPersistenceUnitInfo - No LoadTimeWeaver setup: ignoring JPA class transformer
2025-01-19 22:18:12 [main] INFO  com.zaxxer.hikari.HikariDataSource - HikariPool-1 - Starting...
2025-01-19 22:18:12 [main] INFO  com.zaxxer.hikari.pool.HikariPool - HikariPool-1 - Added connection conn0: url=jdbc:h2:mem:testdb user=SA
2025-01-19 22:18:12 [main] INFO  com.zaxxer.hikari.HikariDataSource - HikariPool-1 - Start completed.
2025-01-19 22:18:12 [main] INFO  org.hibernate.bytecode.internal.BytecodeProviderInitiator - HHH000021: Bytecode provider name : bytebuddy
2025-01-19 22:18:13 [main] INFO  org.hibernate.engine.transaction.jta.platform.internal.JtaPlatformInitiator - HHH000490: Using JtaPlatform implementation: [org.hibernate.engine.transaction.jta.platform.internal.NoJtaPlatform]
2025-01-19 22:18:13 [main] INFO  org.springframework.orm.jpa.LocalContainerEntityManagerFactoryBean - Initialized JPA EntityManagerFactory for persistence unit 'default'
2025-01-19 22:18:13 [main] WARN  org.springframework.boot.autoconfigure.orm.jpa.JpaBaseConfiguration$JpaWebConfiguration - spring.jpa.open-in-view is enabled by default. Therefore, database queries may be performed during view rendering. Explicitly configure spring.jpa.open-in-view to disable this warning
2025-01-19 22:18:13 [main] WARN  org.springframework.boot.autoconfigure.security.servlet.UserDetailsServiceAutoConfiguration - 

Using generated security password: bd878dc5-6dbb-4607-819f-7a437fbc92eb

This generated password is for development use only. Your security configuration must be updated before running your application in production.

2025-01-19 22:18:13 [main] INFO  org.springframework.security.web.DefaultSecurityFilterChain - Will secure any request with [org.springframework.security.web.session.DisableEncodeUrlFilter@7771c4e, org.springframework.security.web.context.request.async.WebAsyncManagerIntegrationFilter@113a6636, org.springframework.security.web.context.SecurityContextHolderFilter@5aa334c, org.springframework.security.web.header.HeaderWriterFilter@720c0996, org.springframework.web.filter.CorsFilter@63062eea, org.springframework.security.web.authentication.logout.LogoutFilter@5667dd90, org.springframework.security.web.savedrequest.RequestCacheAwareFilter@698e1bf5, org.springframework.security.web.servletapi.SecurityContextHolderAwareRequestFilter@66d69cd2, org.springframework.security.web.authentication.AnonymousAuthenticationFilter@7bad18f5, org.springframework.security.web.access.ExceptionTranslationFilter@54e680fe, org.springframework.security.web.access.intercept.AuthorizationFilter@261609a7]
2025-01-19 22:18:13 [main] INFO  org.springframework.boot.autoconfigure.h2.H2ConsoleAutoConfiguration - H2 console available at '/h2-console'. Database available at 'jdbc:h2:mem:testdb'
2025-01-19 22:18:14 [main] INFO  org.springframework.boot.actuate.endpoint.web.EndpointLinksResolver - Exposing 13 endpoint(s) beneath base path '/actuator'
2025-01-19 22:18:14 [main] INFO  com.example.bathymetricapi.BathymetricApiApplicationTests - Started BathymetricApiApplicationTests in 3.9 seconds (process running for 5.241)
✅ Iniciando pruebas de contexto...
✅ Prueba de carga de contexto exitosa.
]]></system-out>
    <system-err><![CDATA[WARNING: A Java agent has been loaded dynamically (/Users/user/.m2/repository/net/bytebuddy/byte-buddy-agent/1.14.8/byte-buddy-agent-1.14.8.jar)
WARNING: If a serviceability tool is in use, please run with -XX:+EnableDynamicAgentLoading to hide this warning
WARNING: If a serviceability tool is not in use, please run with -Djdk.instrument.traceUsage for more information
WARNING: Dynamic loading of agents will be disallowed by default in a future release
]]></system-err>
  </testcase>
</testsuite>